0 info it worked if it ends with ok
1 verbose cli [ '/projects/movie-recom/frontend/node/node',
1 verbose cli   '/projects/movie-recom/frontend/node/node_modules/npm/bin/npm-cli.js',
1 verbose cli   'run',
1 verbose cli   'build',
1 verbose cli   '--color=false' ]
2 info using npm@3.5.3
3 info using node@v4.2.1
4 verbose stack Error: ENOENT: no such file or directory, open '/projects/movie-recom/frontend/package.json'
4 verbose stack     at Error (native)
5 verbose cwd /projects/movie-recom/frontend
6 error Linux 3.10.0-514.26.2.el7.x86_64
7 error argv "/projects/movie-recom/frontend/node/node" "/projects/movie-recom/frontend/node/node_modules/npm/bin/npm-cli.js" "run" "build" "--color=false"
8 error node v4.2.1
9 error npm  v3.5.3
10 error path /projects/movie-recom/frontend/package.json
11 error code ENOENT
12 error errno -2
13 error syscall open
14 error enoent ENOENT: no such file or directory, open '/projects/movie-recom/frontend/package.json'
15 error enoent ENOENT: no such file or directory, open '/projects/movie-recom/frontend/package.json'
15 error enoent This is most likely not a problem with npm itself
15 error enoent and is related to npm not being able to find a file.
16 verbose exit [ -2, true ]
